(t0): New task P1
(t0): New task P2
(t0): New task P3
(t0): New task P4
(t0): P1 running
(t1): P1 running
(t2): P1 running
(t2): Context switch (P1)<->(P2)
(t3): P2 running
(t4): P2 running
(t5): P2 running
(t6): Task P2 goes to sleep until (t7)
(t5): Context switch (P2)<->(P3)
(t6): P3 running
(t7): task P2 awaken
(t7): P3 running
(t8): P3 running
(t8): Context switch (P3)<->(P4)
(t9): P4 running
(t10): P4 running
(t11): P4 running
(t12): Task P4 goes to sleep until (t14)
(t11): Context switch (P4)<->(P1)
(t12): P1 running
(t13): P1 running
(t14): task P4 awaken
(t14): P1 running
(t15): Task P1 goes to sleep until (t20)
(t14): Context switch (P1)<->(P2)
(t15): P2 running
(t16): Task P2 goes to sleep until (t17)
(t15): Context switch (P2)<->(P3)
(t16): P3 running
(t17): P3 running
(t18): Task P3 goes to sleep until (t22)
(t17): Context switch (P3)<->(P4)
(t18): P4 running
(t19): Task P4 goes to sleep until (t20)
(t18): Context switch (P4)<->(idle)
(t19): idle running
(t20): task P1 awaken
(t19): Context switch (idle)<->(P1)
(t20): P1 running
(t20): Context switch (P1)<->(idle)
(t21): idle running
(t22): task P3 awaken
(t21): Context switch (idle)<->(P3)
(t22): P3 running
(t22): Context switch (P3)<->(idle)
==================
P1	0	3	run
P1	3	12	wait
P1	12	15	run
P1	15	20	io
P1	20	21	run
P2	0	3	wait
P2	3	6	run
P2	6	7	io
P2	7	15	wait
P2	15	16	run
P2	16	17	io
P3	0	6	wait
P3	6	9	run
P3	9	16	wait
P3	16	18	run
P3	18	22	io
P3	22	23	run
P4	0	9	wait
P4	9	12	run
P4	12	14	io
P4	14	18	wait
P4	18	19	run
P4	19	20	io
