(t0): New task P2
(t0): New task P4
(t0): P2 running
(t1): P2 running
(t2): P2 running
(t3): New task P1
(t2): Context switch (P2)<->(P4)
(t3): P4 running
(t4): New task P3
(t4): P4 running
(t5): P4 running
(t5): Context switch (P4)<->(P1)
(t6): P1 running
(t7): P1 running
(t8): P1 running
(t8): Context switch (P1)<->(P2)
(t9): P2 running
(t10): P2 running
(t11): P2 running
(t11): Context switch (P2)<->(P3)
(t12): P3 running
(t13): P3 running
(t14): P3 running
(t14): Context switch (P3)<->(P4)
(t15): P4 running
(t16): P4 running
(t17): P4 running
(t17): Context switch (P4)<->(P1)
(t18): P1 running
(t19): P1 running
(t20): P1 running
(t20): Context switch (P1)<->(P2)
(t21): P2 running
(t22): P2 running
(t22): Context switch (P2)<->(P3)
(t23): P3 running
(t24): P3 running
(t25): P3 running
(t25): Context switch (P3)<->(P4)
(t26): P4 running
(t27): P4 running
(t27): Context switch (P4)<->(P1)
(t28): P1 running
(t29): P1 running
(t29): Context switch (P1)<->(P3)
(t30): P3 running
(t31): P3 running
(t31): Context switch (P3)<->(idle)
==================
P1	3	6	wait
P1	6	9	run
P1	9	18	wait
P1	18	21	run
P1	21	28	wait
P1	28	30	run
P2	0	3	run
P2	3	9	wait
P2	9	12	run
P2	12	21	wait
P2	21	23	run
P3	4	12	wait
P3	12	15	run
P3	15	23	wait
P3	23	26	run
P3	26	30	wait
P3	30	32	run
P4	0	3	wait
P4	3	6	run
P4	6	15	wait
P4	15	18	run
P4	18	26	wait
P4	26	28	run
